<?xml version="1.0" encoding="UTF-8"?><testsuites><testsuite name="echo" tests="1" failures="0" time="0.002"><testcase name="testEcho" time="0"></testcase></testsuite><testsuite name="getIndex" tests="1" failures="0" time="0.011"><testcase name="testGetIndex" time="0"></testcase></testsuite><testsuite name="setIndexNormal" tests="1" failures="0" time="0.021"><testcase name="testSetIndexNormal" time="0"></testcase></testsuite><testsuite name="setIndexError" tests="1" failures="0" time="0.021"><testcase name="testSetIndexError" time="0.001"></testcase></testsuite><testsuite name="testInitOnce" tests="1" failures="0" time="0.022"><testcase name="testInitOnce" time="0.001"></testcase></testsuite><testsuite name="testInit_Normal" tests="1" failures="0" time="0.026"><testcase name="testInit_Normal" time="0.006"></testcase></testsuite><testsuite name="testInit_E01" tests="1" failures="0" time="0.02"><testcase name="testInit_E01" time="0"></testcase></testsuite><testsuite name="testInit_E02" tests="1" failures="0" time="0.02"><testcase name="testInit_E02" time="0"></testcase></testsuite><testsuite name="testInit_E03" tests="1" failures="0" time="0.02"><testcase name="testInit_E03" time="0"></testcase></testsuite><testsuite name="testInit_E04" tests="1" failures="0" time="0.02"><testcase name="testInit_E04" time="0"></testcase></testsuite><testsuite name="testInit_E05" tests="1" failures="0" time="0.02"><testcase name="testInit_E05" time="0"></testcase></testsuite><testsuite name="testRun_Normal" tests="1" failures="0" time="0.021"><testcase name="testRun_Normal" time="0.001"></testcase></testsuite><testsuite name="testRun_nestcall" tests="1" failures="0" time="0.021"><testcase name="testRun_nestcall" time="0.001"></testcase></testsuite><testsuite name="testRun_error" tests="1" failures="0" time="0.02"><testcase name="testRun_error" time="0"></testcase></testsuite></testsuites>
